{"/Users/joeyklee-nyt/Source/joeyklee/ml5-library/src/BodyPix/BODYPIX_PALETTE.js": {"path":"/Users/joeyklee-nyt/Source/joeyklee/ml5-library/src/BodyPix/BODYPIX_PALETTE.js","statementMap":{},"fnMap":{},"branchMap":{},"s":{},"f":{},"b":{},"_coverageSchema":"1a1c01bbd47fc00a2c39e90264f33305004495a9","hash":"6ab4c5d561d514551ddfa5fbb576f530a2ecf6dc"}
,"/Users/joeyklee-nyt/Source/joeyklee/ml5-library/src/BodyPix/index.js": {"path":"/Users/joeyklee-nyt/Source/joeyklee/ml5-library/src/BodyPix/index.js","statementMap":{"0":{"start":{"line":20,"column":17},"end":{"line":26,"column":1}},"1":{"start":{"line":36,"column":4},"end":{"line":36,"column":23}},"2":{"start":{"line":37,"column":4},"end":{"line":37,"column":22}},"3":{"start":{"line":38,"column":4},"end":{"line":38,"column":28}},"4":{"start":{"line":39,"column":4},"end":{"line":39,"column":23}},"5":{"start":{"line":40,"column":4},"end":{"line":46,"column":5}},"6":{"start":{"line":48,"column":4},"end":{"line":48,"column":58}},"7":{"start":{"line":56,"column":4},"end":{"line":56,"column":55}},"8":{"start":{"line":57,"column":4},"end":{"line":57,"column":27}},"9":{"start":{"line":58,"column":4},"end":{"line":58,"column":16}},"10":{"start":{"line":68,"column":19},"end":{"line":68,"column":32}},"11":{"start":{"line":69,"column":18},"end":{"line":69,"column":57}},"12":{"start":{"line":70,"column":22},"end":{"line":70,"column":41}},"13":{"start":{"line":71,"column":4},"end":{"line":71,"column":20}},"14":{"start":{"line":79,"column":18},"end":{"line":79,"column":101}},"15":{"start":{"line":80,"column":21},"end":{"line":80,"column":55}},"16":{"start":{"line":81,"column":4},"end":{"line":81,"column":19}},"17":{"start":{"line":91,"column":19},"end":{"line":91,"column":124}},"18":{"start":{"line":94,"column":4},"end":{"line":103,"column":5}},"19":{"start":{"line":96,"column":6},"end":{"line":102,"column":9}},"20":{"start":{"line":97,"column":8},"end":{"line":101,"column":9}},"21":{"start":{"line":98,"column":10},"end":{"line":98,"column":68}},"22":{"start":{"line":100,"column":10},"end":{"line":100,"column":50}},"23":{"start":{"line":105,"column":4},"end":{"line":105,"column":18}},"24":{"start":{"line":118,"column":4},"end":{"line":118,"column":21}},"25":{"start":{"line":119,"column":4},"end":{"line":119,"column":25}},"26":{"start":{"line":121,"column":4},"end":{"line":125,"column":5}},"27":{"start":{"line":122,"column":6},"end":{"line":124,"column":9}},"28":{"start":{"line":123,"column":8},"end":{"line":123,"column":50}},"29":{"start":{"line":123,"column":40},"end":{"line":123,"column":49}},"30":{"start":{"line":127,"column":4},"end":{"line":127,"column":77}},"31":{"start":{"line":128,"column":4},"end":{"line":128,"column":92}},"32":{"start":{"line":129,"column":4},"end":{"line":129,"column":119}},"33":{"start":{"line":131,"column":25},"end":{"line":131,"column":141}},"34":{"start":{"line":133,"column":26},"end":{"line":133,"column":65}},"35":{"start":{"line":134,"column":24},"end":{"line":134,"column":89}},"36":{"start":{"line":134,"column":63},"end":{"line":134,"column":88}},"37":{"start":{"line":136,"column":19},"end":{"line":152,"column":5}},"38":{"start":{"line":153,"column":4},"end":{"line":153,"column":71}},"39":{"start":{"line":154,"column":4},"end":{"line":154,"column":68}},"40":{"start":{"line":155,"column":4},"end":{"line":155,"column":79}},"41":{"start":{"line":161,"column":8},"end":{"line":183,"column":6}},"42":{"start":{"line":162,"column":23},"end":{"line":162,"column":58}},"43":{"start":{"line":164,"column":20},"end":{"line":164,"column":98}},"44":{"start":{"line":165,"column":6},"end":{"line":165,"column":46}},"45":{"start":{"line":168,"column":29},"end":{"line":168,"column":103}},"46":{"start":{"line":169,"column":33},"end":{"line":169,"column":107}},"47":{"start":{"line":170,"column":23},"end":{"line":170,"column":109}},"48":{"start":{"line":173,"column":6},"end":{"line":173,"column":98}},"49":{"start":{"line":174,"column":6},"end":{"line":174,"column":112}},"50":{"start":{"line":176,"column":6},"end":{"line":176,"column":47}},"51":{"start":{"line":178,"column":6},"end":{"line":182,"column":7}},"52":{"start":{"line":185,"column":29},"end":{"line":185,"column":66}},"53":{"start":{"line":186,"column":25},"end":{"line":186,"column":66}},"54":{"start":{"line":187,"column":27},"end":{"line":187,"column":62}},"55":{"start":{"line":190,"column":4},"end":{"line":190,"column":41}},"56":{"start":{"line":191,"column":4},"end":{"line":191,"column":41}},"57":{"start":{"line":192,"column":4},"end":{"line":192,"column":37}},"58":{"start":{"line":195,"column":4},"end":{"line":199,"column":5}},"59":{"start":{"line":196,"column":6},"end":{"line":196,"column":112}},"60":{"start":{"line":197,"column":6},"end":{"line":197,"column":112}},"61":{"start":{"line":198,"column":6},"end":{"line":198,"column":108}},"62":{"start":{"line":201,"column":4},"end":{"line":210,"column":5}},"63":{"start":{"line":202,"column":6},"end":{"line":202,"column":27}},"64":{"start":{"line":203,"column":6},"end":{"line":203,"column":31}},"65":{"start":{"line":204,"column":6},"end":{"line":204,"column":25}},"66":{"start":{"line":207,"column":6},"end":{"line":207,"column":44}},"67":{"start":{"line":208,"column":6},"end":{"line":208,"column":52}},"68":{"start":{"line":209,"column":6},"end":{"line":209,"column":40}},"69":{"start":{"line":212,"column":4},"end":{"line":212,"column":18}},"70":{"start":{"line":226,"column":23},"end":{"line":226,"column":33}},"71":{"start":{"line":228,"column":30},"end":{"line":228,"column":41}},"72":{"start":{"line":231,"column":4},"end":{"line":253,"column":5}},"73":{"start":{"line":232,"column":6},"end":{"line":232,"column":32}},"74":{"start":{"line":233,"column":6},"end":{"line":233,"column":35}},"75":{"start":{"line":235,"column":11},"end":{"line":253,"column":5}},"76":{"start":{"line":239,"column":6},"end":{"line":239,"column":39}},"77":{"start":{"line":240,"column":11},"end":{"line":253,"column":5}},"78":{"start":{"line":243,"column":6},"end":{"line":243,"column":43}},"79":{"start":{"line":244,"column":11},"end":{"line":253,"column":5}},"80":{"start":{"line":245,"column":6},"end":{"line":245,"column":46}},"81":{"start":{"line":246,"column":11},"end":{"line":253,"column":5}},"82":{"start":{"line":247,"column":6},"end":{"line":247,"column":43}},"83":{"start":{"line":248,"column":11},"end":{"line":253,"column":5}},"84":{"start":{"line":250,"column":6},"end":{"line":252,"column":8}},"85":{"start":{"line":255,"column":4},"end":{"line":259,"column":5}},"86":{"start":{"line":256,"column":6},"end":{"line":256,"column":45}},"87":{"start":{"line":257,"column":11},"end":{"line":259,"column":5}},"88":{"start":{"line":258,"column":6},"end":{"line":258,"column":34}},"89":{"start":{"line":261,"column":4},"end":{"line":263,"column":5}},"90":{"start":{"line":262,"column":6},"end":{"line":262,"column":20}},"91":{"start":{"line":265,"column":4},"end":{"line":265,"column":100}},"92":{"start":{"line":279,"column":4},"end":{"line":279,"column":21}},"93":{"start":{"line":280,"column":4},"end":{"line":280,"column":25}},"94":{"start":{"line":282,"column":4},"end":{"line":286,"column":5}},"95":{"start":{"line":283,"column":6},"end":{"line":285,"column":9}},"96":{"start":{"line":284,"column":8},"end":{"line":284,"column":50}},"97":{"start":{"line":284,"column":40},"end":{"line":284,"column":49}},"98":{"start":{"line":288,"column":4},"end":{"line":288,"column":92}},"99":{"start":{"line":289,"column":4},"end":{"line":289,"column":119}},"100":{"start":{"line":291,"column":25},"end":{"line":291,"column":143}},"101":{"start":{"line":293,"column":19},"end":{"line":305,"column":5}},"102":{"start":{"line":306,"column":4},"end":{"line":306,"column":71}},"103":{"start":{"line":307,"column":4},"end":{"line":307,"column":68}},"104":{"start":{"line":326,"column":8},"end":{"line":345,"column":6}},"105":{"start":{"line":327,"column":23},"end":{"line":327,"column":58}},"106":{"start":{"line":329,"column":20},"end":{"line":329,"column":98}},"107":{"start":{"line":330,"column":6},"end":{"line":330,"column":46}},"108":{"start":{"line":334,"column":29},"end":{"line":334,"column":103}},"109":{"start":{"line":335,"column":33},"end":{"line":335,"column":107}},"110":{"start":{"line":338,"column":6},"end":{"line":338,"column":88}},"111":{"start":{"line":339,"column":6},"end":{"line":339,"column":83}},"112":{"start":{"line":341,"column":6},"end":{"line":344,"column":7}},"113":{"start":{"line":347,"column":29},"end":{"line":347,"column":66}},"114":{"start":{"line":348,"column":25},"end":{"line":348,"column":66}},"115":{"start":{"line":351,"column":4},"end":{"line":358,"column":5}},"116":{"start":{"line":352,"column":6},"end":{"line":352,"column":112}},"117":{"start":{"line":353,"column":6},"end":{"line":353,"column":112}},"118":{"start":{"line":356,"column":6},"end":{"line":356,"column":43}},"119":{"start":{"line":357,"column":6},"end":{"line":357,"column":43}},"120":{"start":{"line":360,"column":4},"end":{"line":366,"column":5}},"121":{"start":{"line":361,"column":6},"end":{"line":361,"column":27}},"122":{"start":{"line":362,"column":6},"end":{"line":362,"column":31}},"123":{"start":{"line":364,"column":6},"end":{"line":364,"column":44}},"124":{"start":{"line":365,"column":6},"end":{"line":365,"column":52}},"125":{"start":{"line":369,"column":4},"end":{"line":369,"column":18}},"126":{"start":{"line":383,"column":23},"end":{"line":383,"column":33}},"127":{"start":{"line":385,"column":30},"end":{"line":385,"column":41}},"128":{"start":{"line":388,"column":4},"end":{"line":410,"column":5}},"129":{"start":{"line":389,"column":6},"end":{"line":389,"column":32}},"130":{"start":{"line":390,"column":6},"end":{"line":390,"column":35}},"131":{"start":{"line":392,"column":11},"end":{"line":410,"column":5}},"132":{"start":{"line":396,"column":6},"end":{"line":396,"column":39}},"133":{"start":{"line":397,"column":11},"end":{"line":410,"column":5}},"134":{"start":{"line":400,"column":6},"end":{"line":400,"column":43}},"135":{"start":{"line":401,"column":11},"end":{"line":410,"column":5}},"136":{"start":{"line":402,"column":6},"end":{"line":402,"column":46}},"137":{"start":{"line":403,"column":11},"end":{"line":410,"column":5}},"138":{"start":{"line":404,"column":6},"end":{"line":404,"column":43}},"139":{"start":{"line":405,"column":11},"end":{"line":410,"column":5}},"140":{"start":{"line":407,"column":6},"end":{"line":409,"column":8}},"141":{"start":{"line":412,"column":4},"end":{"line":416,"column":5}},"142":{"start":{"line":413,"column":6},"end":{"line":413,"column":45}},"143":{"start":{"line":414,"column":11},"end":{"line":416,"column":5}},"144":{"start":{"line":415,"column":6},"end":{"line":415,"column":34}},"145":{"start":{"line":418,"column":4},"end":{"line":420,"column":5}},"146":{"start":{"line":419,"column":6},"end":{"line":419,"column":20}},"147":{"start":{"line":422,"column":4},"end":{"line":422,"column":91}},"148":{"start":{"line":427,"column":16},"end":{"line":453,"column":1}},"149":{"start":{"line":429,"column":16},"end":{"line":429,"column":18}},"150":{"start":{"line":430,"column":17},"end":{"line":430,"column":19}},"151":{"start":{"line":432,"column":2},"end":{"line":443,"column":3}},"152":{"start":{"line":433,"column":4},"end":{"line":433,"column":37}},"153":{"start":{"line":434,"column":9},"end":{"line":443,"column":3}},"154":{"start":{"line":438,"column":4},"end":{"line":438,"column":41}},"155":{"start":{"line":439,"column":9},"end":{"line":443,"column":3}},"156":{"start":{"line":440,"column":4},"end":{"line":440,"column":39}},"157":{"start":{"line":441,"column":9},"end":{"line":443,"column":3}},"158":{"start":{"line":442,"column":4},"end":{"line":442,"column":40}},"159":{"start":{"line":445,"column":2},"end":{"line":449,"column":3}},"160":{"start":{"line":446,"column":4},"end":{"line":446,"column":32}},"161":{"start":{"line":447,"column":9},"end":{"line":449,"column":3}},"162":{"start":{"line":448,"column":4},"end":{"line":448,"column":33}},"163":{"start":{"line":451,"column":19},"end":{"line":451,"column":56}},"164":{"start":{"line":452,"column":2},"end":{"line":452,"column":46}}},"fnMap":{"0":{"name":"(anonymous_0)","decl":{"start":{"line":35,"column":2},"end":{"line":35,"column":3}},"loc":{"start":{"line":35,"column":40},"end":{"line":49,"column":3}},"line":35},"1":{"name":"(anonymous_1)","decl":{"start":{"line":55,"column":2},"end":{"line":55,"column":3}},"loc":{"start":{"line":55,"column":20},"end":{"line":59,"column":3}},"line":55},"2":{"name":"(anonymous_2)","decl":{"start":{"line":67,"column":2},"end":{"line":67,"column":3}},"loc":{"start":{"line":67,"column":26},"end":{"line":72,"column":3}},"line":67},"3":{"name":"(anonymous_3)","decl":{"start":{"line":78,"column":2},"end":{"line":78,"column":3}},"loc":{"start":{"line":78,"column":85},"end":{"line":82,"column":3}},"line":78},"4":{"name":"(anonymous_4)","decl":{"start":{"line":90,"column":2},"end":{"line":90,"column":3}},"loc":{"start":{"line":90,"column":30},"end":{"line":106,"column":3}},"line":90},"5":{"name":"(anonymous_5)","decl":{"start":{"line":96,"column":34},"end":{"line":96,"column":35}},"loc":{"start":{"line":96,"column":42},"end":{"line":102,"column":7}},"line":96},"6":{"name":"(anonymous_6)","decl":{"start":{"line":116,"column":2},"end":{"line":116,"column":3}},"loc":{"start":{"line":116,"column":68},"end":{"line":214,"column":3}},"line":116},"7":{"name":"(anonymous_7)","decl":{"start":{"line":122,"column":24},"end":{"line":122,"column":25}},"loc":{"start":{"line":122,"column":35},"end":{"line":124,"column":7}},"line":122},"8":{"name":"(anonymous_8)","decl":{"start":{"line":123,"column":34},"end":{"line":123,"column":35}},"loc":{"start":{"line":123,"column":40},"end":{"line":123,"column":49}},"line":123},"9":{"name":"(anonymous_9)","decl":{"start":{"line":134,"column":55},"end":{"line":134,"column":56}},"loc":{"start":{"line":134,"column":63},"end":{"line":134,"column":88}},"line":134},"10":{"name":"(anonymous_10)","decl":{"start":{"line":161,"column":16},"end":{"line":161,"column":17}},"loc":{"start":{"line":161,"column":22},"end":{"line":183,"column":5}},"line":161},"11":{"name":"(anonymous_11)","decl":{"start":{"line":225,"column":2},"end":{"line":225,"column":3}},"loc":{"start":{"line":225,"column":66},"end":{"line":267,"column":3}},"line":225},"12":{"name":"(anonymous_12)","decl":{"start":{"line":277,"column":2},"end":{"line":277,"column":3}},"loc":{"start":{"line":277,"column":59},"end":{"line":371,"column":3}},"line":277},"13":{"name":"(anonymous_13)","decl":{"start":{"line":283,"column":24},"end":{"line":283,"column":25}},"loc":{"start":{"line":283,"column":35},"end":{"line":285,"column":7}},"line":283},"14":{"name":"(anonymous_14)","decl":{"start":{"line":284,"column":34},"end":{"line":284,"column":35}},"loc":{"start":{"line":284,"column":40},"end":{"line":284,"column":49}},"line":284},"15":{"name":"(anonymous_15)","decl":{"start":{"line":326,"column":16},"end":{"line":326,"column":17}},"loc":{"start":{"line":326,"column":22},"end":{"line":345,"column":5}},"line":326},"16":{"name":"(anonymous_16)","decl":{"start":{"line":382,"column":2},"end":{"line":382,"column":3}},"loc":{"start":{"line":382,"column":57},"end":{"line":423,"column":3}},"line":382},"17":{"name":"(anonymous_17)","decl":{"start":{"line":427,"column":16},"end":{"line":427,"column":17}},"loc":{"start":{"line":427,"column":69},"end":{"line":453,"column":1}},"line":427}},"branchMap":{"0":{"loc":{"start":{"line":41,"column":18},"end":{"line":41,"column":59}},"type":"binary-expr","locations":[{"start":{"line":41,"column":18},"end":{"line":41,"column":36}},{"start":{"line":41,"column":40},"end":{"line":41,"column":59}}],"line":41},"1":{"loc":{"start":{"line":42,"column":20},"end":{"line":42,"column":65}},"type":"binary-expr","locations":[{"start":{"line":42,"column":20},"end":{"line":42,"column":40}},{"start":{"line":42,"column":44},"end":{"line":42,"column":65}}],"line":42},"2":{"loc":{"start":{"line":43,"column":29},"end":{"line":43,"column":92}},"type":"binary-expr","locations":[{"start":{"line":43,"column":29},"end":{"line":43,"column":58}},{"start":{"line":43,"column":62},"end":{"line":43,"column":92}}],"line":43},"3":{"loc":{"start":{"line":44,"column":15},"end":{"line":44,"column":50}},"type":"binary-expr","locations":[{"start":{"line":44,"column":15},"end":{"line":44,"column":30}},{"start":{"line":44,"column":34},"end":{"line":44,"column":50}}],"line":44},"4":{"loc":{"start":{"line":45,"column":21},"end":{"line":45,"column":68}},"type":"binary-expr","locations":[{"start":{"line":45,"column":21},"end":{"line":45,"column":42}},{"start":{"line":45,"column":46},"end":{"line":45,"column":68}}],"line":45},"5":{"loc":{"start":{"line":91,"column":19},"end":{"line":91,"column":124}},"type":"cond-expr","locations":[{"start":{"line":91,"column":90},"end":{"line":91,"column":102}},{"start":{"line":91,"column":105},"end":{"line":91,"column":124}}],"line":91},"6":{"loc":{"start":{"line":91,"column":19},"end":{"line":91,"column":87}},"type":"binary-expr","locations":[{"start":{"line":91,"column":19},"end":{"line":91,"column":45}},{"start":{"line":91,"column":49},"end":{"line":91,"column":87}}],"line":91},"7":{"loc":{"start":{"line":94,"column":4},"end":{"line":103,"column":5}},"type":"if","locations":[{"start":{"line":94,"column":4},"end":{"line":103,"column":5}},{"start":{},"end":{}}],"line":94},"8":{"loc":{"start":{"line":94,"column":8},"end":{"line":94,"column":85}},"type":"binary-expr","locations":[{"start":{"line":94,"column":8},"end":{"line":94,"column":25}},{"start":{"line":94,"column":29},"end":{"line":94,"column":49}},{"start":{"line":94,"column":53},"end":{"line":94,"column":85}}],"line":94},"9":{"loc":{"start":{"line":97,"column":8},"end":{"line":101,"column":9}},"type":"if","locations":[{"start":{"line":97,"column":8},"end":{"line":101,"column":9}},{"start":{"line":99,"column":15},"end":{"line":101,"column":9}}],"line":97},"10":{"loc":{"start":{"line":121,"column":4},"end":{"line":125,"column":5}},"type":"if","locations":[{"start":{"line":121,"column":4},"end":{"line":125,"column":5}},{"start":{},"end":{}}],"line":121},"11":{"loc":{"start":{"line":121,"column":8},"end":{"line":121,"column":49}},"type":"binary-expr","locations":[{"start":{"line":121,"column":8},"end":{"line":121,"column":18}},{"start":{"line":121,"column":22},"end":{"line":121,"column":49}}],"line":121},"12":{"loc":{"start":{"line":127,"column":26},"end":{"line":127,"column":76}},"type":"binary-expr","locations":[{"start":{"line":127,"column":26},"end":{"line":127,"column":53}},{"start":{"line":127,"column":57},"end":{"line":127,"column":76}}],"line":127},"13":{"loc":{"start":{"line":128,"column":31},"end":{"line":128,"column":91}},"type":"binary-expr","locations":[{"start":{"line":128,"column":31},"end":{"line":128,"column":63}},{"start":{"line":128,"column":67},"end":{"line":128,"column":91}}],"line":128},"14":{"loc":{"start":{"line":129,"column":40},"end":{"line":129,"column":118}},"type":"binary-expr","locations":[{"start":{"line":129,"column":40},"end":{"line":129,"column":81}},{"start":{"line":129,"column":85},"end":{"line":129,"column":118}}],"line":129},"15":{"loc":{"start":{"line":195,"column":4},"end":{"line":199,"column":5}},"type":"if","locations":[{"start":{"line":195,"column":4},"end":{"line":199,"column":5}},{"start":{},"end":{}}],"line":195},"16":{"loc":{"start":{"line":201,"column":4},"end":{"line":210,"column":5}},"type":"if","locations":[{"start":{"line":201,"column":4},"end":{"line":210,"column":5}},{"start":{"line":205,"column":11},"end":{"line":210,"column":5}}],"line":201},"17":{"loc":{"start":{"line":231,"column":4},"end":{"line":253,"column":5}},"type":"if","locations":[{"start":{"line":231,"column":4},"end":{"line":253,"column":5}},{"start":{"line":235,"column":11},"end":{"line":253,"column":5}}],"line":231},"18":{"loc":{"start":{"line":235,"column":11},"end":{"line":253,"column":5}},"type":"if","locations":[{"start":{"line":235,"column":11},"end":{"line":253,"column":5}},{"start":{"line":240,"column":11},"end":{"line":253,"column":5}}],"line":235},"19":{"loc":{"start":{"line":235,"column":15},"end":{"line":238,"column":50}},"type":"binary-expr","locations":[{"start":{"line":235,"column":15},"end":{"line":235,"column":60}},{"start":{"line":236,"column":12},"end":{"line":236,"column":58}},{"start":{"line":237,"column":12},"end":{"line":237,"column":57}},{"start":{"line":238,"column":12},"end":{"line":238,"column":50}}],"line":235},"20":{"loc":{"start":{"line":240,"column":11},"end":{"line":253,"column":5}},"type":"if","locations":[{"start":{"line":240,"column":11},"end":{"line":253,"column":5}},{"start":{"line":244,"column":11},"end":{"line":253,"column":5}}],"line":240},"21":{"loc":{"start":{"line":240,"column":15},"end":{"line":242,"column":59}},"type":"binary-expr","locations":[{"start":{"line":240,"column":15},"end":{"line":240,"column":52}},{"start":{"line":240,"column":57},"end":{"line":240,"column":106}},{"start":{"line":241,"column":16},"end":{"line":241,"column":66}},{"start":{"line":242,"column":16},"end":{"line":242,"column":58}}],"line":240},"22":{"loc":{"start":{"line":244,"column":11},"end":{"line":253,"column":5}},"type":"if","locations":[{"start":{"line":244,"column":11},"end":{"line":253,"column":5}},{"start":{"line":246,"column":11},"end":{"line":253,"column":5}}],"line":244},"23":{"loc":{"start":{"line":244,"column":15},"end":{"line":244,"column":109}},"type":"binary-expr","locations":[{"start":{"line":244,"column":15},"end":{"line":244,"column":52}},{"start":{"line":244,"column":56},"end":{"line":244,"column":109}}],"line":244},"24":{"loc":{"start":{"line":246,"column":11},"end":{"line":253,"column":5}},"type":"if","locations":[{"start":{"line":246,"column":11},"end":{"line":253,"column":5}},{"start":{"line":248,"column":11},"end":{"line":253,"column":5}}],"line":246},"25":{"loc":{"start":{"line":246,"column":15},"end":{"line":246,"column":105}},"type":"binary-expr","locations":[{"start":{"line":246,"column":15},"end":{"line":246,"column":52}},{"start":{"line":246,"column":56},"end":{"line":246,"column":105}}],"line":246},"26":{"loc":{"start":{"line":248,"column":11},"end":{"line":253,"column":5}},"type":"if","locations":[{"start":{"line":248,"column":11},"end":{"line":253,"column":5}},{"start":{},"end":{}}],"line":248},"27":{"loc":{"start":{"line":255,"column":4},"end":{"line":259,"column":5}},"type":"if","locations":[{"start":{"line":255,"column":4},"end":{"line":259,"column":5}},{"start":{"line":257,"column":11},"end":{"line":259,"column":5}}],"line":255},"28":{"loc":{"start":{"line":257,"column":11},"end":{"line":259,"column":5}},"type":"if","locations":[{"start":{"line":257,"column":11},"end":{"line":259,"column":5}},{"start":{},"end":{}}],"line":257},"29":{"loc":{"start":{"line":261,"column":4},"end":{"line":263,"column":5}},"type":"if","locations":[{"start":{"line":261,"column":4},"end":{"line":263,"column":5}},{"start":{},"end":{}}],"line":261},"30":{"loc":{"start":{"line":282,"column":4},"end":{"line":286,"column":5}},"type":"if","locations":[{"start":{"line":282,"column":4},"end":{"line":286,"column":5}},{"start":{},"end":{}}],"line":282},"31":{"loc":{"start":{"line":282,"column":8},"end":{"line":282,"column":49}},"type":"binary-expr","locations":[{"start":{"line":282,"column":8},"end":{"line":282,"column":18}},{"start":{"line":282,"column":22},"end":{"line":282,"column":49}}],"line":282},"32":{"loc":{"start":{"line":288,"column":31},"end":{"line":288,"column":91}},"type":"binary-expr","locations":[{"start":{"line":288,"column":31},"end":{"line":288,"column":63}},{"start":{"line":288,"column":67},"end":{"line":288,"column":91}}],"line":288},"33":{"loc":{"start":{"line":289,"column":40},"end":{"line":289,"column":118}},"type":"binary-expr","locations":[{"start":{"line":289,"column":40},"end":{"line":289,"column":81}},{"start":{"line":289,"column":85},"end":{"line":289,"column":118}}],"line":289},"34":{"loc":{"start":{"line":351,"column":4},"end":{"line":358,"column":5}},"type":"if","locations":[{"start":{"line":351,"column":4},"end":{"line":358,"column":5}},{"start":{"line":354,"column":11},"end":{"line":358,"column":5}}],"line":351},"35":{"loc":{"start":{"line":360,"column":4},"end":{"line":366,"column":5}},"type":"if","locations":[{"start":{"line":360,"column":4},"end":{"line":366,"column":5}},{"start":{"line":363,"column":11},"end":{"line":366,"column":5}}],"line":360},"36":{"loc":{"start":{"line":388,"column":4},"end":{"line":410,"column":5}},"type":"if","locations":[{"start":{"line":388,"column":4},"end":{"line":410,"column":5}},{"start":{"line":392,"column":11},"end":{"line":410,"column":5}}],"line":388},"37":{"loc":{"start":{"line":392,"column":11},"end":{"line":410,"column":5}},"type":"if","locations":[{"start":{"line":392,"column":11},"end":{"line":410,"column":5}},{"start":{"line":397,"column":11},"end":{"line":410,"column":5}}],"line":392},"38":{"loc":{"start":{"line":392,"column":15},"end":{"line":395,"column":50}},"type":"binary-expr","locations":[{"start":{"line":392,"column":15},"end":{"line":392,"column":60}},{"start":{"line":393,"column":12},"end":{"line":393,"column":58}},{"start":{"line":394,"column":12},"end":{"line":394,"column":57}},{"start":{"line":395,"column":12},"end":{"line":395,"column":50}}],"line":392},"39":{"loc":{"start":{"line":397,"column":11},"end":{"line":410,"column":5}},"type":"if","locations":[{"start":{"line":397,"column":11},"end":{"line":410,"column":5}},{"start":{"line":401,"column":11},"end":{"line":410,"column":5}}],"line":397},"40":{"loc":{"start":{"line":397,"column":15},"end":{"line":399,"column":59}},"type":"binary-expr","locations":[{"start":{"line":397,"column":15},"end":{"line":397,"column":52}},{"start":{"line":397,"column":57},"end":{"line":397,"column":106}},{"start":{"line":398,"column":16},"end":{"line":398,"column":66}},{"start":{"line":399,"column":16},"end":{"line":399,"column":58}}],"line":397},"41":{"loc":{"start":{"line":401,"column":11},"end":{"line":410,"column":5}},"type":"if","locations":[{"start":{"line":401,"column":11},"end":{"line":410,"column":5}},{"start":{"line":403,"column":11},"end":{"line":410,"column":5}}],"line":401},"42":{"loc":{"start":{"line":401,"column":15},"end":{"line":401,"column":109}},"type":"binary-expr","locations":[{"start":{"line":401,"column":15},"end":{"line":401,"column":52}},{"start":{"line":401,"column":56},"end":{"line":401,"column":109}}],"line":401},"43":{"loc":{"start":{"line":403,"column":11},"end":{"line":410,"column":5}},"type":"if","locations":[{"start":{"line":403,"column":11},"end":{"line":410,"column":5}},{"start":{"line":405,"column":11},"end":{"line":410,"column":5}}],"line":403},"44":{"loc":{"start":{"line":403,"column":15},"end":{"line":403,"column":105}},"type":"binary-expr","locations":[{"start":{"line":403,"column":15},"end":{"line":403,"column":52}},{"start":{"line":403,"column":56},"end":{"line":403,"column":105}}],"line":403},"45":{"loc":{"start":{"line":405,"column":11},"end":{"line":410,"column":5}},"type":"if","locations":[{"start":{"line":405,"column":11},"end":{"line":410,"column":5}},{"start":{},"end":{}}],"line":405},"46":{"loc":{"start":{"line":412,"column":4},"end":{"line":416,"column":5}},"type":"if","locations":[{"start":{"line":412,"column":4},"end":{"line":416,"column":5}},{"start":{"line":414,"column":11},"end":{"line":416,"column":5}}],"line":412},"47":{"loc":{"start":{"line":414,"column":11},"end":{"line":416,"column":5}},"type":"if","locations":[{"start":{"line":414,"column":11},"end":{"line":416,"column":5}},{"start":{},"end":{}}],"line":414},"48":{"loc":{"start":{"line":418,"column":4},"end":{"line":420,"column":5}},"type":"if","locations":[{"start":{"line":418,"column":4},"end":{"line":420,"column":5}},{"start":{},"end":{}}],"line":418},"49":{"loc":{"start":{"line":432,"column":2},"end":{"line":443,"column":3}},"type":"if","locations":[{"start":{"line":432,"column":2},"end":{"line":443,"column":3}},{"start":{"line":434,"column":9},"end":{"line":443,"column":3}}],"line":432},"50":{"loc":{"start":{"line":434,"column":9},"end":{"line":443,"column":3}},"type":"if","locations":[{"start":{"line":434,"column":9},"end":{"line":443,"column":3}},{"start":{"line":439,"column":9},"end":{"line":443,"column":3}}],"line":434},"51":{"loc":{"start":{"line":435,"column":4},"end":{"line":436,"column":64}},"type":"binary-expr","locations":[{"start":{"line":435,"column":4},"end":{"line":435,"column":48}},{"start":{"line":436,"column":8},"end":{"line":436,"column":64}}],"line":435},"52":{"loc":{"start":{"line":439,"column":9},"end":{"line":443,"column":3}},"type":"if","locations":[{"start":{"line":439,"column":9},"end":{"line":443,"column":3}},{"start":{"line":441,"column":9},"end":{"line":443,"column":3}}],"line":439},"53":{"loc":{"start":{"line":441,"column":9},"end":{"line":443,"column":3}},"type":"if","locations":[{"start":{"line":441,"column":9},"end":{"line":443,"column":3}},{"start":{},"end":{}}],"line":441},"54":{"loc":{"start":{"line":445,"column":2},"end":{"line":449,"column":3}},"type":"if","locations":[{"start":{"line":445,"column":2},"end":{"line":449,"column":3}},{"start":{"line":447,"column":9},"end":{"line":449,"column":3}}],"line":445},"55":{"loc":{"start":{"line":447,"column":9},"end":{"line":449,"column":3}},"type":"if","locations":[{"start":{"line":447,"column":9},"end":{"line":449,"column":3}},{"start":{},"end":{}}],"line":447},"56":{"loc":{"start":{"line":452,"column":9},"end":{"line":452,"column":45}},"type":"cond-expr","locations":[{"start":{"line":452,"column":20},"end":{"line":452,"column":28}},{"start":{"line":452,"column":31},"end":{"line":452,"column":45}}],"line":452}},"s":{"0":1,"1":1,"2":1,"3":1,"4":1,"5":1,"6":1,"7":1,"8":1,"9":1,"10":0,"11":0,"12":0,"13":0,"14":0,"15":0,"16":0,"17":0,"18":0,"19":0,"20":0,"21":0,"22":0,"23":0,"24":0,"25":0,"26":0,"27":0,"28":0,"29":0,"30":0,"31":0,"32":0,"33":0,"34":0,"35":0,"36":0,"37":0,"38":0,"39":0,"40":0,"41":0,"42":0,"43":0,"44":0,"45":0,"46":0,"47":0,"48":0,"49":0,"50":0,"51":0,"52":0,"53":0,"54":0,"55":0,"56":0,"57":0,"58":0,"59":0,"60":0,"61":0,"62":0,"63":0,"64":0,"65":0,"66":0,"67":0,"68":0,"69":0,"70":0,"71":0,"72":0,"73":0,"74":0,"75":0,"76":0,"77":0,"78":0,"79":0,"80":0,"81":0,"82":0,"83":0,"84":0,"85":0,"86":0,"87":0,"88":0,"89":0,"90":0,"91":0,"92":0,"93":0,"94":0,"95":0,"96":0,"97":0,"98":0,"99":0,"100":0,"101":0,"102":0,"103":0,"104":0,"105":0,"106":0,"107":0,"108":0,"109":0,"110":0,"111":0,"112":0,"113":0,"114":0,"115":0,"116":0,"117":0,"118":0,"119":0,"120":0,"121":0,"122":0,"123":0,"124":0,"125":0,"126":0,"127":0,"128":0,"129":0,"130":0,"131":0,"132":0,"133":0,"134":0,"135":0,"136":0,"137":0,"138":0,"139":0,"140":0,"141":0,"142":0,"143":0,"144":0,"145":0,"146":0,"147":0,"148":1,"149":1,"150":1,"151":1,"152":0,"153":1,"154":0,"155":1,"156":0,"157":1,"158":0,"159":1,"160":0,"161":1,"162":0,"163":1,"164":1},"f":{"0":1,"1":1,"2":0,"3":0,"4":0,"5":0,"6":0,"7":0,"8":0,"9":0,"10":0,"11":0,"12":0,"13":0,"14":0,"15":0,"16":0,"17":1},"b":{"0":[1,1],"1":[1,1],"2":[1,1],"3":[1,1],"4":[1,1],"5":[0,0],"6":[0,0],"7":[0,0],"8":[0,0,0],"9":[0,0],"10":[0,0],"11":[0,0],"12":[0,0],"13":[0,0],"14":[0,0],"15":[0,0],"16":[0,0],"17":[0,0],"18":[0,0],"19":[0,0,0,0],"20":[0,0],"21":[0,0,0,0],"22":[0,0],"23":[0,0],"24":[0,0],"25":[0,0],"26":[0,0],"27":[0,0],"28":[0,0],"29":[0,0],"30":[0,0],"31":[0,0],"32":[0,0],"33":[0,0],"34":[0,0],"35":[0,0],"36":[0,0],"37":[0,0],"38":[0,0,0,0],"39":[0,0],"40":[0,0,0,0],"41":[0,0],"42":[0,0],"43":[0,0],"44":[0,0],"45":[0,0],"46":[0,0],"47":[0,0],"48":[0,0],"49":[0,1],"50":[0,1],"51":[1,0],"52":[0,1],"53":[0,1],"54":[0,1],"55":[0,1],"56":[0,1]},"_coverageSchema":"1a1c01bbd47fc00a2c39e90264f33305004495a9","hash":"bbdc3e5fceb47eb2c4eded433ab3e4786078f9c5"}
,"/Users/joeyklee-nyt/Source/joeyklee/ml5-library/src/utils/callcallback.js": {"path":"/Users/joeyklee-nyt/Source/joeyklee/ml5-library/src/utils/callcallback.js","statementMap":{"0":{"start":{"line":7,"column":2},"end":{"line":17,"column":3}},"1":{"start":{"line":8,"column":4},"end":{"line":16,"column":9}},"2":{"start":{"line":10,"column":8},"end":{"line":10,"column":36}},"3":{"start":{"line":11,"column":8},"end":{"line":11,"column":22}},"4":{"start":{"line":14,"column":8},"end":{"line":14,"column":24}},"5":{"start":{"line":15,"column":8},"end":{"line":15,"column":21}},"6":{"start":{"line":18,"column":2},"end":{"line":18,"column":17}}},"fnMap":{"0":{"name":"callCallback","decl":{"start":{"line":6,"column":24},"end":{"line":6,"column":36}},"loc":{"start":{"line":6,"column":56},"end":{"line":19,"column":1}},"line":6},"1":{"name":"(anonymous_1)","decl":{"start":{"line":9,"column":12},"end":{"line":9,"column":13}},"loc":{"start":{"line":9,"column":24},"end":{"line":12,"column":7}},"line":9},"2":{"name":"(anonymous_2)","decl":{"start":{"line":13,"column":13},"end":{"line":13,"column":14}},"loc":{"start":{"line":13,"column":24},"end":{"line":16,"column":7}},"line":13}},"branchMap":{"0":{"loc":{"start":{"line":7,"column":2},"end":{"line":17,"column":3}},"type":"if","locations":[{"start":{"line":7,"column":2},"end":{"line":17,"column":3}},{"start":{},"end":{}}],"line":7}},"s":{"0":1,"1":0,"2":0,"3":0,"4":0,"5":0,"6":1},"f":{"0":1,"1":0,"2":0},"b":{"0":[0,1]},"_coverageSchema":"1a1c01bbd47fc00a2c39e90264f33305004495a9","hash":"4aeb3eb26b72057649051b6391e610f4ce7165d9"}
,"/Users/joeyklee-nyt/Source/joeyklee/ml5-library/src/utils/p5Utils.js": {"path":"/Users/joeyklee-nyt/Source/joeyklee/ml5-library/src/utils/p5Utils.js","statementMap":{"0":{"start":{"line":8,"column":6},"end":{"line":8,"column":33}},"1":{"start":{"line":16,"column":6},"end":{"line":16,"column":37}},"2":{"start":{"line":25,"column":4},"end":{"line":26,"column":82}},"3":{"start":{"line":26,"column":57},"end":{"line":26,"column":82}},"4":{"start":{"line":28,"column":4},"end":{"line":30,"column":84}},"5":{"start":{"line":30,"column":56},"end":{"line":30,"column":84}},"6":{"start":{"line":31,"column":4},"end":{"line":31,"column":21}},"7":{"start":{"line":40,"column":4},"end":{"line":40,"column":29}},"8":{"start":{"line":50,"column":4},"end":{"line":54,"column":7}},"9":{"start":{"line":51,"column":6},"end":{"line":53,"column":9}},"10":{"start":{"line":52,"column":8},"end":{"line":52,"column":22}},"11":{"start":{"line":62,"column":4},"end":{"line":66,"column":7}},"12":{"start":{"line":63,"column":6},"end":{"line":65,"column":9}},"13":{"start":{"line":64,"column":8},"end":{"line":64,"column":21}},"14":{"start":{"line":77,"column":16},"end":{"line":77,"column":32}},"15":{"start":{"line":78,"column":19},"end":{"line":78,"column":51}},"16":{"start":{"line":79,"column":16},"end":{"line":79,"column":39}},"17":{"start":{"line":81,"column":4},"end":{"line":81,"column":21}},"18":{"start":{"line":82,"column":4},"end":{"line":82,"column":22}},"19":{"start":{"line":84,"column":20},"end":{"line":84,"column":45}},"20":{"start":{"line":85,"column":21},"end":{"line":85,"column":28}},"21":{"start":{"line":87,"column":4},"end":{"line":87,"column":61}},"22":{"start":{"line":87,"column":17},"end":{"line":87,"column":18}},"23":{"start":{"line":87,"column":44},"end":{"line":87,"column":61}},"24":{"start":{"line":88,"column":4},"end":{"line":88,"column":36}},"25":{"start":{"line":90,"column":17},"end":{"line":90,"column":43}},"26":{"start":{"line":91,"column":4},"end":{"line":91,"column":16}},"27":{"start":{"line":100,"column":4},"end":{"line":103,"column":5}},"28":{"start":{"line":101,"column":20},"end":{"line":101,"column":67}},"29":{"start":{"line":102,"column":6},"end":{"line":102,"column":19}},"30":{"start":{"line":104,"column":4},"end":{"line":104,"column":16}},"31":{"start":{"line":109,"column":16},"end":{"line":109,"column":28}}},"fnMap":{"0":{"name":"(anonymous_0)","decl":{"start":{"line":7,"column":2},"end":{"line":7,"column":3}},"loc":{"start":{"line":7,"column":16},"end":{"line":9,"column":3}},"line":7},"1":{"name":"(anonymous_1)","decl":{"start":{"line":15,"column":2},"end":{"line":15,"column":3}},"loc":{"start":{"line":15,"column":28},"end":{"line":17,"column":3}},"line":15},"2":{"name":"(anonymous_2)","decl":{"start":{"line":24,"column":2},"end":{"line":24,"column":3}},"loc":{"start":{"line":24,"column":19},"end":{"line":32,"column":3}},"line":24},"3":{"name":"(anonymous_3)","decl":{"start":{"line":39,"column":2},"end":{"line":39,"column":3}},"loc":{"start":{"line":39,"column":12},"end":{"line":41,"column":3}},"line":39},"4":{"name":"(anonymous_4)","decl":{"start":{"line":49,"column":2},"end":{"line":49,"column":3}},"loc":{"start":{"line":49,"column":23},"end":{"line":55,"column":3}},"line":49},"5":{"name":"(anonymous_5)","decl":{"start":{"line":50,"column":23},"end":{"line":50,"column":24}},"loc":{"start":{"line":50,"column":36},"end":{"line":54,"column":5}},"line":50},"6":{"name":"(anonymous_6)","decl":{"start":{"line":51,"column":25},"end":{"line":51,"column":26}},"loc":{"start":{"line":51,"column":35},"end":{"line":53,"column":7}},"line":51},"7":{"name":"(anonymous_7)","decl":{"start":{"line":61,"column":2},"end":{"line":61,"column":3}},"loc":{"start":{"line":61,"column":17},"end":{"line":67,"column":3}},"line":61},"8":{"name":"(anonymous_8)","decl":{"start":{"line":62,"column":23},"end":{"line":62,"column":24}},"loc":{"start":{"line":62,"column":36},"end":{"line":66,"column":5}},"line":62},"9":{"name":"(anonymous_9)","decl":{"start":{"line":63,"column":37},"end":{"line":63,"column":38}},"loc":{"start":{"line":63,"column":46},"end":{"line":65,"column":7}},"line":63},"10":{"name":"(anonymous_10)","decl":{"start":{"line":76,"column":2},"end":{"line":76,"column":3}},"loc":{"start":{"line":76,"column":30},"end":{"line":92,"column":3}},"line":76},"11":{"name":"(anonymous_11)","decl":{"start":{"line":99,"column":2},"end":{"line":99,"column":3}},"loc":{"start":{"line":99,"column":28},"end":{"line":105,"column":3}},"line":99}},"branchMap":{"0":{"loc":{"start":{"line":25,"column":4},"end":{"line":26,"column":82}},"type":"if","locations":[{"start":{"line":25,"column":4},"end":{"line":26,"column":82}},{"start":{},"end":{}}],"line":25},"1":{"loc":{"start":{"line":25,"column":8},"end":{"line":26,"column":55}},"type":"binary-expr","locations":[{"start":{"line":25,"column":8},"end":{"line":25,"column":48}},{"start":{"line":26,"column":6},"end":{"line":26,"column":55}}],"line":25},"2":{"loc":{"start":{"line":28,"column":4},"end":{"line":30,"column":84}},"type":"if","locations":[{"start":{"line":28,"column":4},"end":{"line":30,"column":84}},{"start":{},"end":{}}],"line":28},"3":{"loc":{"start":{"line":28,"column":8},"end":{"line":30,"column":54}},"type":"binary-expr","locations":[{"start":{"line":28,"column":8},"end":{"line":28,"column":51}},{"start":{"line":29,"column":6},"end":{"line":29,"column":55}},{"start":{"line":30,"column":6},"end":{"line":30,"column":54}}],"line":28},"4":{"loc":{"start":{"line":100,"column":4},"end":{"line":103,"column":5}},"type":"if","locations":[{"start":{"line":100,"column":4},"end":{"line":103,"column":5}},{"start":{},"end":{}}],"line":100}},"s":{"0":1,"1":0,"2":0,"3":0,"4":0,"5":0,"6":0,"7":0,"8":0,"9":0,"10":0,"11":0,"12":0,"13":0,"14":0,"15":0,"16":0,"17":0,"18":0,"19":0,"20":0,"21":0,"22":0,"23":0,"24":0,"25":0,"26":0,"27":0,"28":0,"29":0,"30":0,"31":1},"f":{"0":1,"1":0,"2":0,"3":0,"4":0,"5":0,"6":0,"7":0,"8":0,"9":0,"10":0,"11":0},"b":{"0":[0,0],"1":[0,0],"2":[0,0],"3":[0,0,0],"4":[0,0]},"_coverageSchema":"1a1c01bbd47fc00a2c39e90264f33305004495a9","hash":"d336bee3ed8c89d9ac8499028095af1027ef47cb"}
}
