{"/Users/joeyklee-nyt/Source/joeyklee/ml5-library/src/CharRNN/index.js": {"path":"/Users/joeyklee-nyt/Source/joeyklee/ml5-library/src/CharRNN/index.js","statementMap":{"0":{"start":{"line":18,"column":18},"end":{"line":18,"column":43}},"1":{"start":{"line":19,"column":21},"end":{"line":19,"column":56}},"2":{"start":{"line":20,"column":28},"end":{"line":20,"column":39}},"3":{"start":{"line":36,"column":4},"end":{"line":36,"column":23}},"4":{"start":{"line":43,"column":4},"end":{"line":43,"column":20}},"5":{"start":{"line":44,"column":4},"end":{"line":44,"column":25}},"6":{"start":{"line":45,"column":4},"end":{"line":45,"column":20}},"7":{"start":{"line":46,"column":4},"end":{"line":46,"column":38}},"8":{"start":{"line":52,"column":4},"end":{"line":52,"column":34}},"9":{"start":{"line":53,"column":4},"end":{"line":53,"column":20}},"10":{"start":{"line":54,"column":4},"end":{"line":54,"column":23}},"11":{"start":{"line":55,"column":4},"end":{"line":55,"column":28}},"12":{"start":{"line":56,"column":4},"end":{"line":61,"column":6}},"13":{"start":{"line":63,"column":4},"end":{"line":63,"column":73}},"14":{"start":{"line":68,"column":4},"end":{"line":68,"column":32}},"15":{"start":{"line":72,"column":4},"end":{"line":72,"column":23}},"16":{"start":{"line":76,"column":4},"end":{"line":76,"column":22}},"17":{"start":{"line":80,"column":19},"end":{"line":80,"column":45}},"18":{"start":{"line":81,"column":17},"end":{"line":81,"column":47}},"19":{"start":{"line":82,"column":4},"end":{"line":99,"column":7}},"20":{"start":{"line":83,"column":6},"end":{"line":98,"column":7}},"21":{"start":{"line":84,"column":8},"end":{"line":89,"column":9}},"22":{"start":{"line":85,"column":10},"end":{"line":85,"column":68}},"23":{"start":{"line":86,"column":10},"end":{"line":86,"column":32}},"24":{"start":{"line":88,"column":10},"end":{"line":88,"column":66}},"25":{"start":{"line":90,"column":13},"end":{"line":98,"column":7}},"26":{"start":{"line":91,"column":8},"end":{"line":95,"column":9}},"27":{"start":{"line":92,"column":10},"end":{"line":92,"column":55}},"28":{"start":{"line":94,"column":10},"end":{"line":94,"column":54}},"29":{"start":{"line":97,"column":8},"end":{"line":97,"column":36}},"30":{"start":{"line":100,"column":4},"end":{"line":100,"column":31}},"31":{"start":{"line":101,"column":4},"end":{"line":101,"column":27}},"32":{"start":{"line":102,"column":4},"end":{"line":102,"column":16}},"33":{"start":{"line":106,"column":4},"end":{"line":113,"column":5}},"34":{"start":{"line":107,"column":23},"end":{"line":107,"column":60}},"35":{"start":{"line":108,"column":6},"end":{"line":108,"column":24}},"36":{"start":{"line":109,"column":6},"end":{"line":109,"column":48}},"37":{"start":{"line":110,"column":6},"end":{"line":110,"column":24}},"38":{"start":{"line":112,"column":6},"end":{"line":112,"column":17}},"39":{"start":{"line":117,"column":4},"end":{"line":117,"column":20}},"40":{"start":{"line":118,"column":4},"end":{"line":118,"column":38}},"41":{"start":{"line":119,"column":23},"end":{"line":119,"column":37}},"42":{"start":{"line":121,"column":17},"end":{"line":132,"column":5}},"43":{"start":{"line":122,"column":19},"end":{"line":130,"column":9}},"44":{"start":{"line":123,"column":8},"end":{"line":130,"column":9}},"45":{"start":{"line":131,"column":6},"end":{"line":131,"column":18}},"46":{"start":{"line":134,"column":4},"end":{"line":138,"column":5}},"47":{"start":{"line":134,"column":17},"end":{"line":134,"column":18}},"48":{"start":{"line":135,"column":6},"end":{"line":135,"column":81}},"49":{"start":{"line":136,"column":6},"end":{"line":136,"column":81}},"50":{"start":{"line":137,"column":6},"end":{"line":137,"column":31}},"51":{"start":{"line":140,"column":4},"end":{"line":140,"column":32}},"52":{"start":{"line":144,"column":4},"end":{"line":144,"column":21}},"53":{"start":{"line":145,"column":17},"end":{"line":145,"column":51}},"54":{"start":{"line":146,"column":19},"end":{"line":146,"column":58}},"55":{"start":{"line":147,"column":24},"end":{"line":147,"column":73}},"56":{"start":{"line":148,"column":21},"end":{"line":148,"column":63}},"57":{"start":{"line":149,"column":4},"end":{"line":151,"column":5}},"58":{"start":{"line":150,"column":6},"end":{"line":150,"column":34}},"59":{"start":{"line":153,"column":20},"end":{"line":153,"column":22}},"60":{"start":{"line":154,"column":22},"end":{"line":154,"column":38}},"61":{"start":{"line":155,"column":25},"end":{"line":155,"column":27}},"62":{"start":{"line":157,"column":4},"end":{"line":159,"column":7}},"63":{"start":{"line":158,"column":6},"end":{"line":158,"column":42}},"64":{"start":{"line":161,"column":16},"end":{"line":161,"column":31}},"65":{"start":{"line":162,"column":34},"end":{"line":162,"column":36}},"66":{"start":{"line":164,"column":4},"end":{"line":192,"column":5}},"67":{"start":{"line":164,"column":17},"end":{"line":164,"column":18}},"68":{"start":{"line":165,"column":27},"end":{"line":165,"column":63}},"69":{"start":{"line":166,"column":6},"end":{"line":166,"column":38}},"70":{"start":{"line":167,"column":21},"end":{"line":167,"column":44}},"71":{"start":{"line":169,"column":6},"end":{"line":174,"column":7}},"72":{"start":{"line":170,"column":25},"end":{"line":170,"column":64}},"73":{"start":{"line":171,"column":8},"end":{"line":171,"column":83}},"74":{"start":{"line":173,"column":8},"end":{"line":173,"column":81}},"75":{"start":{"line":176,"column":6},"end":{"line":176,"column":31}},"76":{"start":{"line":177,"column":6},"end":{"line":177,"column":31}},"77":{"start":{"line":179,"column":22},"end":{"line":179,"column":37}},"78":{"start":{"line":180,"column":29},"end":{"line":180,"column":81}},"79":{"start":{"line":181,"column":21},"end":{"line":181,"column":76}},"80":{"start":{"line":182,"column":22},"end":{"line":182,"column":60}},"81":{"start":{"line":183,"column":28},"end":{"line":183,"column":43}},"82":{"start":{"line":184,"column":6},"end":{"line":184,"column":90}},"83":{"start":{"line":186,"column":6},"end":{"line":191,"column":7}},"84":{"start":{"line":187,"column":8},"end":{"line":187,"column":36}},"85":{"start":{"line":189,"column":8},"end":{"line":189,"column":64}},"86":{"start":{"line":190,"column":8},"end":{"line":190,"column":28}},"87":{"start":{"line":194,"column":20},"end":{"line":194,"column":22}},"88":{"start":{"line":195,"column":4},"end":{"line":200,"column":7}},"89":{"start":{"line":196,"column":21},"end":{"line":196,"column":82}},"90":{"start":{"line":196,"column":57},"end":{"line":196,"column":81}},"91":{"start":{"line":197,"column":6},"end":{"line":199,"column":7}},"92":{"start":{"line":198,"column":8},"end":{"line":198,"column":28}},"93":{"start":{"line":201,"column":4},"end":{"line":201,"column":49}},"94":{"start":{"line":202,"column":4},"end":{"line":205,"column":6}},"95":{"start":{"line":212,"column":4},"end":{"line":212,"column":32}},"96":{"start":{"line":235,"column":4},"end":{"line":235,"column":17}},"97":{"start":{"line":236,"column":4},"end":{"line":236,"column":66}},"98":{"start":{"line":248,"column":34},"end":{"line":248,"column":36}},"99":{"start":{"line":249,"column":24},"end":{"line":249,"column":45}},"100":{"start":{"line":250,"column":20},"end":{"line":250,"column":35}},"101":{"start":{"line":251,"column":27},"end":{"line":251,"column":79}},"102":{"start":{"line":252,"column":19},"end":{"line":252,"column":74}},"103":{"start":{"line":253,"column":20},"end":{"line":253,"column":58}},"104":{"start":{"line":254,"column":26},"end":{"line":254,"column":41}},"105":{"start":{"line":255,"column":4},"end":{"line":255,"column":88}},"106":{"start":{"line":257,"column":19},"end":{"line":257,"column":66}},"107":{"start":{"line":258,"column":19},"end":{"line":258,"column":82}},"108":{"start":{"line":258,"column":55},"end":{"line":258,"column":81}},"109":{"start":{"line":259,"column":4},"end":{"line":259,"column":49}},"110":{"start":{"line":260,"column":4},"end":{"line":262,"column":5}},"111":{"start":{"line":261,"column":6},"end":{"line":261,"column":23}},"112":{"start":{"line":264,"column":15},"end":{"line":267,"column":7}},"113":{"start":{"line":264,"column":49},"end":{"line":267,"column":5}},"114":{"start":{"line":268,"column":4},"end":{"line":271,"column":6}},"115":{"start":{"line":282,"column":4},"end":{"line":282,"column":21}},"116":{"start":{"line":283,"column":17},"end":{"line":283,"column":38}},"117":{"start":{"line":284,"column":25},"end":{"line":284,"column":27}},"118":{"start":{"line":286,"column":4},"end":{"line":288,"column":7}},"119":{"start":{"line":287,"column":6},"end":{"line":287,"column":42}},"120":{"start":{"line":290,"column":16},"end":{"line":290,"column":31}},"121":{"start":{"line":291,"column":4},"end":{"line":305,"column":5}},"122":{"start":{"line":291,"column":17},"end":{"line":291,"column":18}},"123":{"start":{"line":292,"column":27},"end":{"line":292,"column":63}},"124":{"start":{"line":293,"column":6},"end":{"line":293,"column":38}},"125":{"start":{"line":294,"column":21},"end":{"line":294,"column":44}},"126":{"start":{"line":296,"column":6},"end":{"line":301,"column":7}},"127":{"start":{"line":297,"column":25},"end":{"line":297,"column":64}},"128":{"start":{"line":298,"column":8},"end":{"line":298,"column":83}},"129":{"start":{"line":300,"column":8},"end":{"line":300,"column":81}},"130":{"start":{"line":302,"column":6},"end":{"line":302,"column":31}},"131":{"start":{"line":303,"column":6},"end":{"line":303,"column":31}},"132":{"start":{"line":304,"column":6},"end":{"line":304,"column":30}},"133":{"start":{"line":306,"column":4},"end":{"line":308,"column":5}},"134":{"start":{"line":307,"column":6},"end":{"line":307,"column":17}},"135":{"start":{"line":312,"column":16},"end":{"line":312,"column":80}},"136":{"start":{"line":312,"column":48},"end":{"line":312,"column":80}}},"fnMap":{"0":{"name":"(anonymous_0)","decl":{"start":{"line":30,"column":2},"end":{"line":30,"column":3}},"loc":{"start":{"line":30,"column":35},"end":{"line":65,"column":3}},"line":30},"1":{"name":"(anonymous_1)","decl":{"start":{"line":67,"column":2},"end":{"line":67,"column":3}},"loc":{"start":{"line":67,"column":15},"end":{"line":69,"column":3}},"line":67},"2":{"name":"(anonymous_2)","decl":{"start":{"line":71,"column":2},"end":{"line":71,"column":3}},"loc":{"start":{"line":71,"column":18},"end":{"line":73,"column":3}},"line":71},"3":{"name":"(anonymous_3)","decl":{"start":{"line":75,"column":2},"end":{"line":75,"column":3}},"loc":{"start":{"line":75,"column":13},"end":{"line":77,"column":3}},"line":75},"4":{"name":"(anonymous_4)","decl":{"start":{"line":79,"column":2},"end":{"line":79,"column":3}},"loc":{"start":{"line":79,"column":30},"end":{"line":103,"column":3}},"line":79},"5":{"name":"(anonymous_5)","decl":{"start":{"line":82,"column":30},"end":{"line":82,"column":31}},"loc":{"start":{"line":82,"column":37},"end":{"line":99,"column":5}},"line":82},"6":{"name":"(anonymous_6)","decl":{"start":{"line":105,"column":2},"end":{"line":105,"column":3}},"loc":{"start":{"line":105,"column":24},"end":{"line":114,"column":3}},"line":105},"7":{"name":"(anonymous_7)","decl":{"start":{"line":116,"column":2},"end":{"line":116,"column":3}},"loc":{"start":{"line":116,"column":20},"end":{"line":141,"column":3}},"line":116},"8":{"name":"(anonymous_8)","decl":{"start":{"line":121,"column":17},"end":{"line":121,"column":18}},"loc":{"start":{"line":121,"column":22},"end":{"line":132,"column":5}},"line":121},"9":{"name":"(anonymous_9)","decl":{"start":{"line":122,"column":19},"end":{"line":122,"column":20}},"loc":{"start":{"line":123,"column":8},"end":{"line":130,"column":9}},"line":123},"10":{"name":"(anonymous_10)","decl":{"start":{"line":143,"column":2},"end":{"line":143,"column":3}},"loc":{"start":{"line":143,"column":34},"end":{"line":206,"column":3}},"line":143},"11":{"name":"(anonymous_11)","decl":{"start":{"line":157,"column":22},"end":{"line":157,"column":23}},"loc":{"start":{"line":157,"column":30},"end":{"line":159,"column":5}},"line":157},"12":{"name":"(anonymous_12)","decl":{"start":{"line":195,"column":20},"end":{"line":195,"column":21}},"loc":{"start":{"line":195,"column":28},"end":{"line":200,"column":5}},"line":195},"13":{"name":"(anonymous_13)","decl":{"start":{"line":196,"column":50},"end":{"line":196,"column":51}},"loc":{"start":{"line":196,"column":57},"end":{"line":196,"column":81}},"line":196},"14":{"name":"(anonymous_14)","decl":{"start":{"line":211,"column":2},"end":{"line":211,"column":3}},"loc":{"start":{"line":211,"column":10},"end":{"line":213,"column":3}},"line":211},"15":{"name":"(anonymous_15)","decl":{"start":{"line":234,"column":2},"end":{"line":234,"column":3}},"loc":{"start":{"line":234,"column":36},"end":{"line":237,"column":3}},"line":234},"16":{"name":"(anonymous_16)","decl":{"start":{"line":247,"column":2},"end":{"line":247,"column":3}},"loc":{"start":{"line":247,"column":32},"end":{"line":272,"column":3}},"line":247},"17":{"name":"(anonymous_17)","decl":{"start":{"line":258,"column":48},"end":{"line":258,"column":49}},"loc":{"start":{"line":258,"column":55},"end":{"line":258,"column":81}},"line":258},"18":{"name":"(anonymous_18)","decl":{"start":{"line":264,"column":43},"end":{"line":264,"column":44}},"loc":{"start":{"line":264,"column":49},"end":{"line":267,"column":5}},"line":264},"19":{"name":"(anonymous_19)","decl":{"start":{"line":281,"column":2},"end":{"line":281,"column":3}},"loc":{"start":{"line":281,"column":34},"end":{"line":309,"column":3}},"line":281},"20":{"name":"(anonymous_20)","decl":{"start":{"line":286,"column":17},"end":{"line":286,"column":18}},"loc":{"start":{"line":286,"column":25},"end":{"line":288,"column":5}},"line":286},"21":{"name":"(anonymous_21)","decl":{"start":{"line":312,"column":16},"end":{"line":312,"column":17}},"loc":{"start":{"line":312,"column":48},"end":{"line":312,"column":80}},"line":312}},"branchMap":{"0":{"loc":{"start":{"line":83,"column":6},"end":{"line":98,"column":7}},"type":"if","locations":[{"start":{"line":83,"column":6},"end":{"line":98,"column":7}},{"start":{"line":90,"column":13},"end":{"line":98,"column":7}}],"line":83},"1":{"loc":{"start":{"line":84,"column":8},"end":{"line":89,"column":9}},"type":"if","locations":[{"start":{"line":84,"column":8},"end":{"line":89,"column":9}},{"start":{"line":87,"column":15},"end":{"line":89,"column":9}}],"line":84},"2":{"loc":{"start":{"line":90,"column":13},"end":{"line":98,"column":7}},"type":"if","locations":[{"start":{"line":90,"column":13},"end":{"line":98,"column":7}},{"start":{"line":96,"column":13},"end":{"line":98,"column":7}}],"line":90},"3":{"loc":{"start":{"line":91,"column":8},"end":{"line":95,"column":9}},"type":"if","locations":[{"start":{"line":91,"column":8},"end":{"line":95,"column":9}},{"start":{"line":93,"column":15},"end":{"line":95,"column":9}}],"line":91},"4":{"loc":{"start":{"line":145,"column":17},"end":{"line":145,"column":51}},"type":"binary-expr","locations":[{"start":{"line":145,"column":17},"end":{"line":145,"column":29}},{"start":{"line":145,"column":33},"end":{"line":145,"column":51}}],"line":145},"5":{"loc":{"start":{"line":146,"column":19},"end":{"line":146,"column":58}},"type":"binary-expr","locations":[{"start":{"line":146,"column":19},"end":{"line":146,"column":34}},{"start":{"line":146,"column":38},"end":{"line":146,"column":58}}],"line":146},"6":{"loc":{"start":{"line":147,"column":24},"end":{"line":147,"column":73}},"type":"binary-expr","locations":[{"start":{"line":147,"column":24},"end":{"line":147,"column":44}},{"start":{"line":147,"column":48},"end":{"line":147,"column":73}}],"line":147},"7":{"loc":{"start":{"line":148,"column":21},"end":{"line":148,"column":63}},"type":"binary-expr","locations":[{"start":{"line":148,"column":21},"end":{"line":148,"column":37}},{"start":{"line":148,"column":41},"end":{"line":148,"column":63}}],"line":148},"8":{"loc":{"start":{"line":149,"column":4},"end":{"line":151,"column":5}},"type":"if","locations":[{"start":{"line":149,"column":4},"end":{"line":151,"column":5}},{"start":{},"end":{}}],"line":149},"9":{"loc":{"start":{"line":169,"column":6},"end":{"line":174,"column":7}},"type":"if","locations":[{"start":{"line":169,"column":6},"end":{"line":174,"column":7}},{"start":{"line":172,"column":13},"end":{"line":174,"column":7}}],"line":169},"10":{"loc":{"start":{"line":186,"column":6},"end":{"line":191,"column":7}},"type":"if","locations":[{"start":{"line":186,"column":6},"end":{"line":191,"column":7}},{"start":{"line":188,"column":13},"end":{"line":191,"column":7}}],"line":186},"11":{"loc":{"start":{"line":197,"column":6},"end":{"line":199,"column":7}},"type":"if","locations":[{"start":{"line":197,"column":6},"end":{"line":199,"column":7}},{"start":{},"end":{}}],"line":197},"12":{"loc":{"start":{"line":249,"column":24},"end":{"line":249,"column":45}},"type":"cond-expr","locations":[{"start":{"line":249,"column":35},"end":{"line":249,"column":39}},{"start":{"line":249,"column":42},"end":{"line":249,"column":45}}],"line":249},"13":{"loc":{"start":{"line":260,"column":4},"end":{"line":262,"column":5}},"type":"if","locations":[{"start":{"line":260,"column":4},"end":{"line":262,"column":5}},{"start":{},"end":{}}],"line":260},"14":{"loc":{"start":{"line":296,"column":6},"end":{"line":301,"column":7}},"type":"if","locations":[{"start":{"line":296,"column":6},"end":{"line":301,"column":7}},{"start":{"line":299,"column":13},"end":{"line":301,"column":7}}],"line":296},"15":{"loc":{"start":{"line":306,"column":4},"end":{"line":308,"column":5}},"type":"if","locations":[{"start":{"line":306,"column":4},"end":{"line":308,"column":5}},{"start":{},"end":{}}],"line":306},"16":{"loc":{"start":{"line":312,"column":17},"end":{"line":312,"column":33}},"type":"default-arg","locations":[{"start":{"line":312,"column":29},"end":{"line":312,"column":33}}],"line":312}},"s":{"0":1,"1":1,"2":1,"3":1,"4":1,"5":1,"6":1,"7":1,"8":1,"9":1,"10":1,"11":1,"12":1,"13":1,"14":0,"15":0,"16":0,"17":1,"18":1,"19":1,"20":8,"21":4,"22":2,"23":2,"24":2,"25":4,"26":2,"27":1,"28":1,"29":2,"30":1,"31":1,"32":1,"33":1,"34":1,"35":1,"36":1,"37":1,"38":0,"39":1,"40":1,"41":1,"42":1,"43":2,"44":108,"45":2,"46":1,"47":1,"48":2,"49":2,"50":2,"51":1,"52":2,"53":2,"54":2,"55":2,"56":2,"57":2,"58":2,"59":2,"60":2,"61":2,"62":2,"63":26,"64":2,"65":2,"66":2,"67":2,"68":54,"69":54,"70":54,"71":54,"72":54,"73":54,"74":0,"75":54,"76":54,"77":54,"78":54,"79":54,"80":54,"81":54,"82":54,"83":54,"84":24,"85":30,"86":30,"87":2,"88":2,"89":30,"90":1861,"91":30,"92":30,"93":2,"94":2,"95":2,"96":2,"97":2,"98":0,"99":0,"100":0,"101":0,"102":0,"103":0,"104":0,"105":0,"106":0,"107":0,"108":0,"109":0,"110":0,"111":0,"112":0,"113":0,"114":0,"115":0,"116":0,"117":0,"118":0,"119":0,"120":0,"121":0,"122":0,"123":0,"124":0,"125":0,"126":0,"127":0,"128":0,"129":0,"130":0,"131":0,"132":0,"133":0,"134":0,"135":1,"136":1},"f":{"0":1,"1":0,"2":0,"3":0,"4":1,"5":8,"6":1,"7":1,"8":2,"9":108,"10":2,"11":26,"12":30,"13":1861,"14":2,"15":2,"16":0,"17":0,"18":0,"19":0,"20":0,"21":1},"b":{"0":[4,4],"1":[2,2],"2":[2,2],"3":[1,1],"4":[2,1],"5":[2,1],"6":[2,1],"7":[2,2],"8":[2,0],"9":[54,0],"10":[24,30],"11":[30,0],"12":[0,0],"13":[0,0],"14":[0,0],"15":[0,0],"16":[0]},"_coverageSchema":"1a1c01bbd47fc00a2c39e90264f33305004495a9","hash":"2dcd353da921bd16b99f55884619d506852a5916"}
}
