TN:
SF:src\BodyPix\BODYPIX_PALETTE.js
FNF:0
FNH:0
LF:0
LH:0
BRF:0
BRH:0
end_of_record
TN:
SF:src\BodyPix\index.js
FN:35,(anonymous_0)
FN:55,(anonymous_1)
FN:67,(anonymous_2)
FN:78,(anonymous_3)
FN:90,(anonymous_4)
FN:96,(anonymous_5)
FN:116,(anonymous_6)
FN:122,(anonymous_7)
FN:123,(anonymous_8)
FN:134,(anonymous_9)
FN:161,(anonymous_10)
FN:225,(anonymous_11)
FN:277,(anonymous_12)
FN:283,(anonymous_13)
FN:284,(anonymous_14)
FN:326,(anonymous_15)
FN:382,(anonymous_16)
FN:427,(anonymous_17)
FNF:18
FNH:5
FNDA:1,(anonymous_0)
FNDA:1,(anonymous_1)
FNDA:0,(anonymous_2)
FNDA:0,(anonymous_3)
FNDA:0,(anonymous_4)
FNDA:0,(anonymous_5)
FNDA:0,(anonymous_6)
FNDA:0,(anonymous_7)
FNDA:0,(anonymous_8)
FNDA:0,(anonymous_9)
FNDA:0,(anonymous_10)
FNDA:0,(anonymous_11)
FNDA:1,(anonymous_12)
FNDA:0,(anonymous_13)
FNDA:0,(anonymous_14)
FNDA:0,(anonymous_15)
FNDA:2,(anonymous_16)
FNDA:1,(anonymous_17)
DA:20,1
DA:36,1
DA:37,1
DA:38,1
DA:39,1
DA:40,1
DA:48,1
DA:56,1
DA:57,1
DA:58,1
DA:68,0
DA:69,0
DA:70,0
DA:71,0
DA:79,0
DA:80,0
DA:81,0
DA:91,0
DA:94,0
DA:96,0
DA:97,0
DA:98,0
DA:100,0
DA:105,0
DA:118,0
DA:119,0
DA:121,0
DA:122,0
DA:123,0
DA:127,0
DA:128,0
DA:129,0
DA:131,0
DA:133,0
DA:134,0
DA:136,0
DA:153,0
DA:154,0
DA:155,0
DA:161,0
DA:162,0
DA:164,0
DA:165,0
DA:168,0
DA:169,0
DA:170,0
DA:173,0
DA:174,0
DA:176,0
DA:178,0
DA:185,0
DA:186,0
DA:187,0
DA:190,0
DA:191,0
DA:192,0
DA:195,0
DA:196,0
DA:197,0
DA:198,0
DA:201,0
DA:202,0
DA:203,0
DA:204,0
DA:207,0
DA:208,0
DA:209,0
DA:212,0
DA:226,0
DA:228,0
DA:231,0
DA:232,0
DA:233,0
DA:235,0
DA:239,0
DA:240,0
DA:243,0
DA:244,0
DA:245,0
DA:246,0
DA:247,0
DA:248,0
DA:250,0
DA:255,0
DA:256,0
DA:257,0
DA:258,0
DA:261,0
DA:262,0
DA:265,0
DA:279,1
DA:280,1
DA:282,1
DA:283,0
DA:284,0
DA:288,1
DA:289,1
DA:291,1
DA:293,1
DA:306,1
DA:307,0
DA:326,0
DA:327,0
DA:329,0
DA:330,0
DA:334,0
DA:335,0
DA:338,0
DA:339,0
DA:341,0
DA:347,0
DA:348,0
DA:351,0
DA:352,0
DA:353,0
DA:356,0
DA:357,0
DA:360,0
DA:361,0
DA:362,0
DA:364,0
DA:365,0
DA:369,0
DA:383,2
DA:385,2
DA:388,2
DA:389,0
DA:390,0
DA:392,2
DA:396,1
DA:397,0
DA:400,0
DA:401,0
DA:402,0
DA:403,0
DA:404,0
DA:405,0
DA:407,0
DA:412,1
DA:413,0
DA:414,1
DA:415,0
DA:418,1
DA:419,0
DA:422,1
DA:427,1
DA:429,1
DA:430,1
DA:432,1
DA:433,0
DA:434,1
DA:438,0
DA:439,1
DA:440,0
DA:441,1
DA:442,0
DA:445,1
DA:446,0
DA:447,1
DA:448,0
DA:451,1
DA:452,1
LF:162
LH:38
BRDA:41,0,0,1
BRDA:41,0,1,1
BRDA:42,1,0,1
BRDA:42,1,1,1
BRDA:43,2,0,1
BRDA:43,2,1,1
BRDA:44,3,0,1
BRDA:44,3,1,1
BRDA:45,4,0,1
BRDA:45,4,1,1
BRDA:91,5,0,0
BRDA:91,5,1,0
BRDA:91,6,0,0
BRDA:91,6,1,0
BRDA:94,7,0,0
BRDA:94,7,1,0
BRDA:94,8,0,0
BRDA:94,8,1,0
BRDA:94,8,2,0
BRDA:97,9,0,0
BRDA:97,9,1,0
BRDA:121,10,0,0
BRDA:121,10,1,0
BRDA:121,11,0,0
BRDA:121,11,1,0
BRDA:127,12,0,0
BRDA:127,12,1,0
BRDA:128,13,0,0
BRDA:128,13,1,0
BRDA:129,14,0,0
BRDA:129,14,1,0
BRDA:195,15,0,0
BRDA:195,15,1,0
BRDA:201,16,0,0
BRDA:201,16,1,0
BRDA:231,17,0,0
BRDA:231,17,1,0
BRDA:235,18,0,0
BRDA:235,18,1,0
BRDA:235,19,0,0
BRDA:235,19,1,0
BRDA:235,19,2,0
BRDA:235,19,3,0
BRDA:240,20,0,0
BRDA:240,20,1,0
BRDA:240,21,0,0
BRDA:240,21,1,0
BRDA:240,21,2,0
BRDA:240,21,3,0
BRDA:244,22,0,0
BRDA:244,22,1,0
BRDA:244,23,0,0
BRDA:244,23,1,0
BRDA:246,24,0,0
BRDA:246,24,1,0
BRDA:246,25,0,0
BRDA:246,25,1,0
BRDA:248,26,0,0
BRDA:248,26,1,0
BRDA:255,27,0,0
BRDA:255,27,1,0
BRDA:257,28,0,0
BRDA:257,28,1,0
BRDA:261,29,0,0
BRDA:261,29,1,0
BRDA:282,30,0,0
BRDA:282,30,1,1
BRDA:282,31,0,1
BRDA:282,31,1,0
BRDA:288,32,0,1
BRDA:288,32,1,0
BRDA:289,33,0,1
BRDA:289,33,1,0
BRDA:351,34,0,0
BRDA:351,34,1,0
BRDA:360,35,0,0
BRDA:360,35,1,0
BRDA:388,36,0,0
BRDA:388,36,1,2
BRDA:392,37,0,1
BRDA:392,37,1,0
BRDA:392,38,0,2
BRDA:392,38,1,1
BRDA:392,38,2,1
BRDA:392,38,3,1
BRDA:397,39,0,0
BRDA:397,39,1,0
BRDA:397,40,0,0
BRDA:397,40,1,0
BRDA:397,40,2,0
BRDA:397,40,3,0
BRDA:401,41,0,0
BRDA:401,41,1,0
BRDA:401,42,0,0
BRDA:401,42,1,0
BRDA:403,43,0,0
BRDA:403,43,1,0
BRDA:403,44,0,0
BRDA:403,44,1,0
BRDA:405,45,0,0
BRDA:405,45,1,0
BRDA:412,46,0,0
BRDA:412,46,1,1
BRDA:414,47,0,0
BRDA:414,47,1,1
BRDA:418,48,0,0
BRDA:418,48,1,1
BRDA:432,49,0,0
BRDA:432,49,1,1
BRDA:434,50,0,0
BRDA:434,50,1,1
BRDA:435,51,0,1
BRDA:435,51,1,0
BRDA:439,52,0,0
BRDA:439,52,1,1
BRDA:441,53,0,0
BRDA:441,53,1,1
BRDA:445,54,0,0
BRDA:445,54,1,1
BRDA:447,55,0,0
BRDA:447,55,1,1
BRDA:452,56,0,0
BRDA:452,56,1,1
BRF:123
BRH:31
end_of_record
TN:
SF:src\utils\callcallback.js
FN:27,callCallback
FN:29,(anonymous_1)
FN:31,(anonymous_2)
FN:35,(anonymous_3)
FNF:4
FNH:1
FNDA:2,callCallback
FNDA:0,(anonymous_1)
FNDA:0,(anonymous_2)
FNDA:0,(anonymous_3)
DA:28,2
DA:29,0
DA:30,0
DA:32,0
DA:33,0
DA:36,0
DA:37,0
LF:7
LH:1
BRDA:28,0,0,2
BRDA:28,0,1,0
BRF:2
BRH:1
end_of_record
TN:
SF:src\utils\p5Utils.js
FN:7,(anonymous_0)
FN:15,(anonymous_1)
FN:24,(anonymous_2)
FN:39,(anonymous_3)
FN:49,(anonymous_4)
FN:50,(anonymous_5)
FN:51,(anonymous_6)
FN:61,(anonymous_7)
FN:62,(anonymous_8)
FN:63,(anonymous_9)
FN:76,(anonymous_10)
FN:99,(anonymous_11)
FNF:12
FNH:1
FNDA:1,(anonymous_0)
FNDA:0,(anonymous_1)
FNDA:0,(anonymous_2)
FNDA:0,(anonymous_3)
FNDA:0,(anonymous_4)
FNDA:0,(anonymous_5)
FNDA:0,(anonymous_6)
FNDA:0,(anonymous_7)
FNDA:0,(anonymous_8)
FNDA:0,(anonymous_9)
FNDA:0,(anonymous_10)
FNDA:0,(anonymous_11)
DA:8,1
DA:16,0
DA:25,0
DA:26,0
DA:28,0
DA:30,0
DA:31,0
DA:40,0
DA:50,0
DA:51,0
DA:52,0
DA:62,0
DA:63,0
DA:64,0
DA:77,0
DA:78,0
DA:79,0
DA:81,0
DA:82,0
DA:84,0
DA:85,0
DA:87,0
DA:88,0
DA:90,0
DA:91,0
DA:100,0
DA:101,0
DA:102,0
DA:104,0
DA:109,1
LF:30
LH:2
BRDA:25,0,0,0
BRDA:25,0,1,0
BRDA:25,1,0,0
BRDA:25,1,1,0
BRDA:28,2,0,0
BRDA:28,2,1,0
BRDA:28,3,0,0
BRDA:28,3,1,0
BRDA:28,3,2,0
BRDA:100,4,0,0
BRDA:100,4,1,0
BRF:11
BRH:0
end_of_record
TN:
SF:src\utils\testingUtils\index.js
FN:4,(anonymous_0)
FN:10,(anonymous_1)
FN:16,(anonymous_2)
FN:20,(anonymous_3)
FN:25,(anonymous_4)
FNF:5
FNH:4
FNDA:1,(anonymous_0)
FNDA:1,(anonymous_1)
FNDA:0,(anonymous_2)
FNDA:1,(anonymous_3)
FNDA:40000,(anonymous_4)
DA:4,1
DA:5,1
DA:6,1
DA:7,1
DA:9,1
DA:10,1
DA:11,1
DA:13,1
DA:16,1
DA:17,0
DA:20,1
DA:21,1
DA:23,1
DA:25,40000
DA:28,1
LF:15
LH:14
BRDA:6,0,0,1
BRDA:6,0,1,0
BRDA:20,1,0,0
BRDA:20,2,0,0
BRF:4
BRH:1
end_of_record
