TN:
SF:src/CharRNN/index.js
FN:30,(anonymous_0)
FN:67,(anonymous_1)
FN:71,(anonymous_2)
FN:75,(anonymous_3)
FN:79,(anonymous_4)
FN:82,(anonymous_5)
FN:105,(anonymous_6)
FN:116,(anonymous_7)
FN:121,(anonymous_8)
FN:122,(anonymous_9)
FN:143,(anonymous_10)
FN:157,(anonymous_11)
FN:195,(anonymous_12)
FN:196,(anonymous_13)
FN:211,(anonymous_14)
FN:234,(anonymous_15)
FN:247,(anonymous_16)
FN:258,(anonymous_17)
FN:264,(anonymous_18)
FN:281,(anonymous_19)
FN:286,(anonymous_20)
FN:312,(anonymous_21)
FNF:22
FNH:14
FNDA:1,(anonymous_0)
FNDA:0,(anonymous_1)
FNDA:0,(anonymous_2)
FNDA:0,(anonymous_3)
FNDA:1,(anonymous_4)
FNDA:8,(anonymous_5)
FNDA:1,(anonymous_6)
FNDA:1,(anonymous_7)
FNDA:2,(anonymous_8)
FNDA:108,(anonymous_9)
FNDA:2,(anonymous_10)
FNDA:26,(anonymous_11)
FNDA:30,(anonymous_12)
FNDA:1861,(anonymous_13)
FNDA:2,(anonymous_14)
FNDA:2,(anonymous_15)
FNDA:0,(anonymous_16)
FNDA:0,(anonymous_17)
FNDA:0,(anonymous_18)
FNDA:0,(anonymous_19)
FNDA:0,(anonymous_20)
FNDA:1,(anonymous_21)
DA:18,1
DA:19,1
DA:20,1
DA:36,1
DA:43,1
DA:44,1
DA:45,1
DA:46,1
DA:52,1
DA:53,1
DA:54,1
DA:55,1
DA:56,1
DA:63,1
DA:68,0
DA:72,0
DA:76,0
DA:80,1
DA:81,1
DA:82,1
DA:83,8
DA:84,4
DA:85,2
DA:86,2
DA:88,2
DA:90,4
DA:91,2
DA:92,1
DA:94,1
DA:97,2
DA:100,1
DA:101,1
DA:102,1
DA:106,1
DA:107,1
DA:108,1
DA:109,1
DA:110,1
DA:112,0
DA:117,1
DA:118,1
DA:119,1
DA:121,1
DA:122,2
DA:123,108
DA:131,2
DA:134,1
DA:135,2
DA:136,2
DA:137,2
DA:140,1
DA:144,2
DA:145,2
DA:146,2
DA:147,2
DA:148,2
DA:149,2
DA:150,2
DA:153,2
DA:154,2
DA:155,2
DA:157,2
DA:158,26
DA:161,2
DA:162,2
DA:164,2
DA:165,54
DA:166,54
DA:167,54
DA:169,54
DA:170,54
DA:171,54
DA:173,0
DA:176,54
DA:177,54
DA:179,54
DA:180,54
DA:181,54
DA:182,54
DA:183,54
DA:184,54
DA:186,54
DA:187,24
DA:189,30
DA:190,30
DA:194,2
DA:195,2
DA:196,1861
DA:197,30
DA:198,30
DA:201,2
DA:202,2
DA:212,2
DA:235,2
DA:236,2
DA:248,0
DA:249,0
DA:250,0
DA:251,0
DA:252,0
DA:253,0
DA:254,0
DA:255,0
DA:257,0
DA:258,0
DA:259,0
DA:260,0
DA:261,0
DA:264,0
DA:268,0
DA:282,0
DA:283,0
DA:284,0
DA:286,0
DA:287,0
DA:290,0
DA:291,0
DA:292,0
DA:293,0
DA:294,0
DA:296,0
DA:297,0
DA:298,0
DA:300,0
DA:302,0
DA:303,0
DA:304,0
DA:306,0
DA:307,0
DA:312,1
LF:130
LH:91
BRDA:83,0,0,4
BRDA:83,0,1,4
BRDA:84,1,0,2
BRDA:84,1,1,2
BRDA:90,2,0,2
BRDA:90,2,1,2
BRDA:91,3,0,1
BRDA:91,3,1,1
BRDA:145,4,0,2
BRDA:145,4,1,1
BRDA:146,5,0,2
BRDA:146,5,1,1
BRDA:147,6,0,2
BRDA:147,6,1,1
BRDA:148,7,0,2
BRDA:148,7,1,2
BRDA:149,8,0,2
BRDA:149,8,1,0
BRDA:169,9,0,54
BRDA:169,9,1,0
BRDA:186,10,0,24
BRDA:186,10,1,30
BRDA:197,11,0,30
BRDA:197,11,1,0
BRDA:249,12,0,0
BRDA:249,12,1,0
BRDA:260,13,0,0
BRDA:260,13,1,0
BRDA:296,14,0,0
BRDA:296,14,1,0
BRDA:306,15,0,0
BRDA:306,15,1,0
BRDA:312,16,0,0
BRF:33
BRH:21
end_of_record
